<?xml version="1.0" encoding="UTF-8"?>
<testsuite name="Test" tests="2" skipped="0" failures="0" errors="0" timestamp="2020-01-21T02:52:04" hostname="tschmelmer-wsm.internal.salesforce.com" time="0.004">
  <properties/>
  <testcase name="testNegative" classname="Test" time="0.004"/>
  <testcase name="testLargeNumber" classname="Test" time="0.0"/>
  <system-out><![CDATA[]]></system-out>
  <system-err><![CDATA[]]></system-err>
</testsuite>
