<?xml version="1.0" encoding="UTF-8"?>
<testsuite name="TestFlatMap" tests="2" skipped="0" failures="0" errors="0" timestamp="2020-01-22T03:43:07" hostname="tschmelmer-wsm.internal.salesforce.com" time="0.038">
  <properties/>
  <testcase name="testGetOrderedProductsSet" classname="TestFlatMap" time="0.035"/>
  <testcase name="testGetAllOrderedProducts" classname="TestFlatMap" time="0.003"/>
  <system-out><![CDATA[]]></system-out>
  <system-err><![CDATA[]]></system-err>
</testsuite>
