<?xml version="1.0" encoding="UTF-8"?>
<testsuite name="TestOperatorsOverloading" tests="3" skipped="0" failures="0" errors="0" timestamp="2020-01-21T20:38:44" hostname="tschmelmer-wsm.internal.salesforce.com" time="0.02">
  <properties/>
  <testcase name="testOneMonth" classname="TestOperatorsOverloading" time="0.019"/>
  <testcase name="testAddOneTimeInterval" classname="TestOperatorsOverloading" time="0.001"/>
  <testcase name="testMonthChange" classname="TestOperatorsOverloading" time="0.0"/>
  <system-out><![CDATA[]]></system-out>
  <system-err><![CDATA[]]></system-err>
</testsuite>
