<?xml version="1.0" encoding="UTF-8"?>
<testsuite name="TestAssociate" tests="3" skipped="0" failures="0" errors="0" timestamp="2020-01-22T03:23:26" hostname="tschmelmer-wsm.internal.salesforce.com" time="0.037">
  <properties/>
  <testcase name="testAssociate" classname="TestAssociate" time="0.036"/>
  <testcase name="testAssociateBy" classname="TestAssociate" time="0.001"/>
  <testcase name="testAssociateWith" classname="TestAssociate" time="0.0"/>
  <system-out><![CDATA[]]></system-out>
  <system-err><![CDATA[]]></system-err>
</testsuite>
