<?xml version="1.0" encoding="UTF-8"?>
<testsuite name="TestSealedClasses" tests="3" skipped="0" failures="0" errors="0" timestamp="2020-01-21T03:03:02" hostname="tschmelmer-wsm.internal.salesforce.com" time="0.006">
  <properties/>
  <testcase name="testNum" classname="TestSealedClasses" time="0.004"/>
  <testcase name="testSum" classname="TestSealedClasses" time="0.0"/>
  <testcase name="testRecursion" classname="TestSealedClasses" time="0.001"/>
  <system-out><![CDATA[]]></system-out>
  <system-err><![CDATA[]]></system-err>
</testsuite>
