<?xml version="1.0" encoding="UTF-8"?>
<testsuite name="TestNamedArguments" tests="1" skipped="0" failures="0" errors="0" timestamp="2020-01-21T00:23:25" hostname="tschmelmer-wsm.internal.salesforce.com" time="0.024">
  <properties/>
  <testcase name="testJoinToString" classname="TestNamedArguments" time="0.024"/>
  <system-out><![CDATA[]]></system-out>
  <system-err><![CDATA[]]></system-err>
</testsuite>
