<?xml version="1.0" encoding="UTF-8"?>
<testsuite name="TestGenericFunctions" tests="2" skipped="0" failures="0" errors="0" timestamp="2020-01-23T01:11:31" hostname="tschmelmer-wsm.internal.salesforce.com" time="0.037">
  <properties/>
  <testcase name="testPartitionLettersAndOtherSymbols" classname="TestGenericFunctions" time="0.023"/>
  <testcase name="testPartitionWordsAndLines" classname="TestGenericFunctions" time="0.013"/>
  <system-out><![CDATA[]]></system-out>
  <system-err><![CDATA[]]></system-err>
</testsuite>
