<?xml version="1.0" encoding="UTF-8"?>
<testsuite name="Test" tests="1" skipped="0" failures="0" errors="0" timestamp="2020-01-21T03:04:17" hostname="tschmelmer-wsm.internal.salesforce.com" time="0.035">
  <properties/>
  <testcase name="testRandom" classname="Test" time="0.035"/>
  <system-out><![CDATA[]]></system-out>
  <system-err><![CDATA[]]></system-err>
</testsuite>
