<?xml version="1.0" encoding="UTF-8"?>
<testsuite name="TestDataClasses" tests="2" skipped="0" failures="0" errors="0" timestamp="2020-01-21T02:52:12" hostname="tschmelmer-wsm.internal.salesforce.com" time="0.019">
  <properties/>
  <testcase name="testComparePeople" classname="TestDataClasses" time="0.006"/>
  <testcase name="testListOfPeople" classname="TestDataClasses" time="0.013"/>
  <system-out><![CDATA[]]></system-out>
  <system-err><![CDATA[]]></system-err>
</testsuite>
