<?xml version="1.0" encoding="UTF-8"?>
<testsuite name="TestProperties" tests="1" skipped="0" failures="0" errors="0" timestamp="2020-01-22T22:34:11" hostname="tschmelmer-wsm.internal.salesforce.com" time="0.003">
  <properties/>
  <testcase name="testPropertyWithCounter" classname="TestProperties" time="0.003"/>
  <system-out><![CDATA[]]></system-out>
  <system-err><![CDATA[]]></system-err>
</testsuite>
