<?xml version="1.0" encoding="UTF-8"?>
<testsuite name="TestInvoke" tests="2" skipped="0" failures="0" errors="0" timestamp="2020-01-21T20:40:42" hostname="tschmelmer-wsm.internal.salesforce.com" time="0.007">
  <properties/>
  <testcase name="testInvokeTwice" classname="TestInvoke" time="0.005"/>
  <testcase name="testNumberOfInvocations" classname="TestInvoke" time="0.001"/>
  <system-out><![CDATA[]]></system-out>
  <system-err><![CDATA[]]></system-err>
</testsuite>
