<?xml version="1.0" encoding="UTF-8"?>
<testsuite name="TestSum" tests="2" skipped="0" failures="0" errors="0" timestamp="2020-01-22T03:18:14" hostname="tschmelmer-wsm.internal.salesforce.com" time="0.036">
  <properties/>
  <testcase name="testGetTotalOrderPrice" classname="TestSum" time="0.036"/>
  <testcase name="testGetTotalOrderPrice1" classname="TestSum" time="0.0"/>
  <system-out><![CDATA[]]></system-out>
  <system-err><![CDATA[]]></system-err>
</testsuite>
