<?xml version="1.0" encoding="UTF-8"?>
<testsuite name="TestHtmlBuilders" tests="2" skipped="0" failures="0" errors="0" timestamp="2020-01-23T00:37:26" hostname="tschmelmer-wsm.internal.salesforce.com" time="0.038">
  <properties/>
  <testcase name="productTableIsColored" classname="TestHtmlBuilders" time="0.037"/>
  <testcase name="productTableIsFilled" classname="TestHtmlBuilders" time="0.001"/>
  <system-out><![CDATA[]]></system-out>
  <system-err><![CDATA[]]></system-err>
</testsuite>
