<?xml version="1.0" encoding="UTF-8"?>
<testsuite name="HtmlDslTest" tests="3" skipped="0" failures="0" errors="0" timestamp="2020-01-23T00:48:52" hostname="tschmelmer-wsm.internal.salesforce.com" time="0.024">
  <properties/>
  <testcase name="testSample" classname="HtmlDslTest" time="0.021"/>
  <testcase name="testTable1" classname="HtmlDslTest" time="0.001"/>
  <testcase name="testTable2" classname="HtmlDslTest" time="0.002"/>
  <system-out><![CDATA[]]></system-out>
  <system-err><![CDATA[]]></system-err>
</testsuite>
