<?xml version="1.0" encoding="UTF-8"?>
<testsuite name="TestDelegatesHowItWorks" tests="1" skipped="0" failures="0" errors="0" timestamp="2020-01-22T23:46:16" hostname="tschmelmer-wsm.internal.salesforce.com" time="0.053">
  <properties/>
  <testcase name="testDate" classname="TestDelegatesHowItWorks" time="0.053"/>
  <system-out><![CDATA[]]></system-out>
  <system-err><![CDATA[]]></system-err>
</testsuite>
