<?xml version="1.0" encoding="UTF-8"?>
<testsuite name="TestLambdas" tests="2" skipped="0" failures="0" errors="0" timestamp="2020-01-21T01:30:44" hostname="tschmelmer-wsm.internal.salesforce.com" time="0.018">
  <properties/>
  <testcase name="contains" classname="TestLambdas" time="0.017"/>
  <testcase name="notContains" classname="TestLambdas" time="0.001"/>
  <system-out><![CDATA[]]></system-out>
  <system-err><![CDATA[]]></system-err>
</testsuite>
